<?xml version="1.0" encoding="UTF-8"?>
<!-- Generated by org.testng.reporters.JUnitReportReporter -->
<testsuite hostname="E0986883" failures="0" tests="1" name="webSelenium.Suite1.Test1" time="0.001" errors="0" timestamp="2023-11-03T19:15:46 EET" skipped="0">
  <testcase classname="webSelenium.Suite1.Test1" name="testSelenium4" time="0.001"/>
  <system-out/>
</testsuite> <!-- webSelenium.Suite1.Test1 -->
