<?xml version="1.0" encoding="UTF-8"?>
<!-- Generated by org.testng.reporters.JUnitReportReporter -->
<testsuite hostname="E0986883" failures="0" tests="19" name="Ch1.First" time="15.925" errors="0" timestamp="2023-11-03T19:15:46 EET" skipped="0">
  <testcase classname="Ch1.First" name="TestGetRequestToStartCourseAfterParametrizingExtractPlace" time="0.649"/>
  <system-out/>
  <testcase classname="Ch1.First" name="TestGetRequestToStartCourseAfterParametrizing3" time="0.507"/>
  <system-out/>
  <testcase classname="Ch1.First" name="TestGetRequestToStartCourseAfterParametrizing4" time="0.647"/>
  <system-out/>
  <testcase classname="Ch1.First" name="TestGetRequestToStartCourseAfterParametrizingExtractPlace" time="0.732"/>
  <system-out/>
  <testcase classname="Ch1.First" name="TestGetRequestToStartCourseAfterParametrizingExtractPlace" time="0.765"/>
  <system-out/>
  <testcase classname="Ch1.First" name="TestGetRequestToStartCourse" time="1.629"/>
  <system-out/>
  <testcase classname="Ch1.First" name="TestGetRequestToStartCourseAfterParametrizing" time="0.368"/>
  <system-out/>
  <testcase classname="Ch1.First" name="P1_mayar" time="0.001"/>
  <system-out/>
  <testcase classname="Ch1.First" name="TestGetRequestToStartCourseAfterParametrizing2" time="0.589"/>
  <system-out/>
  <testcase classname="Ch1.First" name="TestGetRequestToStartCourseAfterParametrizing2" time="0.396"/>
  <system-out/>
  <testcase classname="Ch1.First" name="TestGetRequestToStartCourseAfterParametrizing" time="0.571"/>
  <system-out/>
  <testcase classname="Ch1.First" name="TestGetRequestToStartCourseAfterParametrizing2" time="0.523"/>
  <system-out/>
  <testcase classname="Ch1.First" name="TestGetRequestToStartCourseAfterParametrizing3" time="0.735"/>
  <system-out/>
  <testcase classname="Ch1.First" name="TestGetRequestToStartCourseAfterParametrizing" time="1.488"/>
  <system-out/>
  <testcase classname="Ch1.First" name="TestGetRequestToStartCourseAfterParametrizing3" time="0.756"/>
  <system-out/>
  <testcase classname="Ch1.First" name="createNewPet" time="1.995"/>
  <system-out/>
  <testcase classname="Ch1.First" name="TestGetRequestToStartCourseAfterParametrizing4" time="1.810"/>
  <system-out/>
  <testcase classname="Ch1.First" name="TestGetRequestToStartCourseAfterPojo" time="0.901"/>
  <system-out/>
  <testcase classname="Ch1.First" name="TestGetRequestToStartCourseAfterParametrizing4" time="0.863"/>
  <system-out/>
</testsuite> <!-- Ch1.First -->
