<?xml version="1.0" encoding="UTF-8"?>
<!-- Generated by org.testng.reporters.JUnitReportReporter -->
<testsuite hostname="E0986883" failures="0" tests="1" name="webSelenium.Suite2.Test2" time="0.000" errors="0" timestamp="2023-11-03T19:04:30 EET" skipped="0">
  <testcase classname="webSelenium.Suite2.Test2" name="testSelenium4" time="0.000"/>
  <system-out/>
</testsuite> <!-- webSelenium.Suite2.Test2 -->
